<?xml version="1.0" encoding="UTF-8"?>
<robot generator="Robot 7.0 (Python 3.12.3 on win32)" generated="2024-04-28T19:13:11.203412" rpa="false" schemaversion="5">
<suite id="s1" name="Test40Knihovna" source="c:\Users\petrp\ownCloud\Skola\4ap4ts\proejtk\testy\Testy_menu\test40knihovna.robot">
<kw name="Open Browser" owner="SeleniumLibrary" type="SETUP">
<msg time="2024-04-28T19:13:11.386729" level="INFO">Opening browser 'Chrome' to base url 'https://www.cernahora.eu/index.asp'.</msg>
<arg>${URL}</arg>
<arg>${BROWSER}</arg>
<doc>Opens a new browser instance to the optional ``url``.</doc>
<status status="PASS" start="2024-04-28T19:13:11.385705" elapsed="2.826437"/>
</kw>
<test id="s1-t1" name="TEST prokliku knihovny" line="11">
<kw name="Click Element" owner="SeleniumLibrary">
<msg time="2024-04-28T19:13:14.214166" level="INFO">Clicking element 'xpath=//a[@href='/knihovna-a-informacni-centrum/d-1344/p1=12746']'.</msg>
<arg>xpath=//a[@href='/knihovna-a-informacni-centrum/d-1344/p1=12746']</arg>
<doc>Click the element identified by ``locator``.</doc>
<status status="PASS" start="2024-04-28T19:13:14.213138" elapsed="0.772069"/>
</kw>
<kw name="Wait Until Page Contains Element" owner="SeleniumLibrary">
<arg>xpath://h2[@class='cvi text-to-speech']</arg>
<doc>Waits until the element ``locator`` appears on the current page.</doc>
<status status="PASS" start="2024-04-28T19:13:14.986781" elapsed="0.012213"/>
</kw>
<kw name="Get Text" owner="SeleniumLibrary">
<msg time="2024-04-28T19:13:15.024594" level="INFO">${actual_text} = Informační centrum a knihovna</msg>
<var>${actual_text}</var>
<arg>xpath://h2[@class='cvi text-to-speech']</arg>
<doc>Returns the text value of the element identified by ``locator``.</doc>
<status status="PASS" start="2024-04-28T19:13:15.000498" elapsed="0.025105"/>
</kw>
<kw name="Should Be Equal As Strings" owner="BuiltIn">
<arg>${actual_text}</arg>
<arg>${EXPECTED_TEXT}</arg>
<doc>Fails if objects are unequal after converting them to strings.</doc>
<status status="PASS" start="2024-04-28T19:13:15.025603" elapsed="0.000000"/>
</kw>
<status status="PASS" start="2024-04-28T19:13:14.212142" elapsed="0.814721"/>
</test>
<kw name="Close Browser" owner="SeleniumLibrary" type="TEARDOWN">
<doc>Closes the current browser.</doc>
<status status="PASS" start="2024-04-28T19:13:15.027872" elapsed="2.299487"/>
</kw>
<status status="PASS" start="2024-04-28T19:13:11.209065" elapsed="6.118294"/>
</suite>
<statistics>
<total>
<stat pass="1" fail="0" skip="0">All Tests</stat>
</total>
<tag>
</tag>
<suite>
<stat pass="1" fail="0" skip="0" id="s1" name="Test40Knihovna">Test40Knihovna</stat>
</suite>
</statistics>
<errors>
</errors>
</robot>
