<?xml version="1.0" encoding="UTF-8"?>
<robot generator="Robot 7.0 (Python 3.12.3 on win32)" generated="2024-05-07T13:22:23.203334" rpa="false" schemaversion="5">
<suite id="s1" name="Proejtk" source="C:\Users\petrp\ownCloud\Skola\4ap4ts\proejtk">
<suite id="s1-s1" name="Testy" source="C:\Users\petrp\ownCloud\Skola\4ap4ts\proejtk\testy">
<suite id="s1-s1-s1" name="TS003 - Fotogalerie" source="C:\Users\petrp\ownCloud\Skola\4ap4ts\proejtk\testy\TS003 - Fotogalerie">
<suite id="s1-s1-s1-s1" name="TC003-003 - Sdílení fotoglerie z roku 2012 na X" source="C:\Users\petrp\ownCloud\Skola\4ap4ts\proejtk\testy\TS003 - Fotogalerie\TC003-003 - Sdílení fotoglerie z roku 2012 na X.robot">
<kw name="Open Browser" owner="SeleniumLibrary" type="SETUP">
<msg time="2024-05-07T13:22:23.460534" level="INFO">Opening browser 'Chrome' to base url 'https://www.cernahora.eu/index.asp'.</msg>
<arg>${URL}</arg>
<arg>${BROWSER}</arg>
<doc>Opens a new browser instance to the optional ``url``.</doc>
<status status="PASS" start="2024-05-07T13:22:23.460534" elapsed="3.549308"/>
</kw>
<test id="s1-s1-s1-s1-t1" name="Test Fotogalerie 2012" line="7">
<kw name="Click Element" owner="SeleniumLibrary">
<msg time="2024-05-07T13:22:27.009842" level="INFO">Clicking element 'xpath=//a[@href='/fotogalerie/ms-55/p1=12583']'.</msg>
<arg>xpath=//a[@href='/fotogalerie/ms-55/p1=12583']</arg>
<doc>Click the element identified by ``locator``.</doc>
<status status="PASS" start="2024-05-07T13:22:27.009842" elapsed="1.158592"/>
</kw>
<kw name="Wait Until Element Is Visible" owner="SeleniumLibrary">
<arg>xpath=//h2[contains(@class, 'cvi') and contains(text(), 'Fotogalerie')]</arg>
<doc>Waits until the element ``locator`` is visible.</doc>
<status status="PASS" start="2024-05-07T13:22:28.168434" elapsed="0.023041"/>
</kw>
<kw name="Click Element" owner="SeleniumLibrary">
<msg time="2024-05-07T13:22:28.191475" level="INFO">Clicking element 'xpath=//a[@href='/2012/ms-2189/p1=2189']'.</msg>
<arg>xpath=//a[@href='/2012/ms-2189/p1=2189']</arg>
<doc>Click the element identified by ``locator``.</doc>
<status status="PASS" start="2024-05-07T13:22:28.191475" elapsed="0.675754"/>
</kw>
<kw name="Wait Until Element Is Visible" owner="SeleniumLibrary">
<arg>xpath=//h2[contains(@class, 'cvi') and contains(text(), '2012')]</arg>
<doc>Waits until the element ``locator`` is visible.</doc>
<status status="PASS" start="2024-05-07T13:22:28.867229" elapsed="0.026528"/>
</kw>
<kw name="Click Element" owner="SeleniumLibrary">
<msg time="2024-05-07T13:22:28.896039" level="INFO">Clicking element 'xpath=//a[@href='/vyroba%2Dvanocnich%2Dozdob%2Dz%2Dkoralku%2D12%2D12%2D2012/gs-1024/p1=2189']'.</msg>
<arg>xpath=//a[@href='/vyroba%2Dvanocnich%2Dozdob%2Dz%2Dkoralku%2D12%2D12%2D2012/gs-1024/p1=2189']</arg>
<doc>Click the element identified by ``locator``.</doc>
<status status="PASS" start="2024-05-07T13:22:28.896039" elapsed="0.992785"/>
</kw>
<kw name="Wait Until Element Is Visible" owner="SeleniumLibrary">
<arg>xpath=//h2[contains(@class, 'cvi') and contains(text(), 'Výroba vánočních ozdob z korálků (12.12.2012)')]</arg>
<doc>Waits until the element ``locator`` is visible.</doc>
<status status="PASS" start="2024-05-07T13:22:29.888824" elapsed="0.028660"/>
</kw>
<kw name="Click Element" owner="SeleniumLibrary">
<msg time="2024-05-07T13:22:29.917484" level="INFO">Clicking element 'xpath=//li[@class='sdilet-x']/a'.</msg>
<arg>xpath=//li[@class='sdilet-x']/a</arg>
<doc>Click the element identified by ``locator``.</doc>
<status status="PASS" start="2024-05-07T13:22:29.917484" elapsed="1.055090"/>
</kw>
<kw name="Sleep" owner="BuiltIn">
<msg time="2024-05-07T13:22:35.973035" level="INFO">Slept 5 seconds.</msg>
<arg>5s</arg>
<doc>Pauses the test executed for the given time.</doc>
<status status="PASS" start="2024-05-07T13:22:30.972574" elapsed="5.000461"/>
</kw>
<kw name="Get Window Handles" owner="SeleniumLibrary">
<msg time="2024-05-07T13:22:35.977086" level="INFO">${handles} = ['BE21C4F2FD0CA7BA6138FEA617EDC4C1', '62D3096E084CA50A03F9CD007C4AF355']</msg>
<var>${handles}</var>
<doc>Returns all child window handles of the selected browser as a list.</doc>
<status status="PASS" start="2024-05-07T13:22:35.973035" elapsed="0.004051"/>
</kw>
<kw name="Switch Window" owner="SeleniumLibrary">
<arg>${handles}[1]</arg>
<doc>Switches to browser window matching ``locator``.</doc>
<status status="PASS" start="2024-05-07T13:22:35.977086" elapsed="0.080317"/>
</kw>
<kw name="Get Location" owner="SeleniumLibrary">
<msg time="2024-05-07T13:22:36.074765" level="INFO">${current_url} = https://twitter.com/intent/post?url=https%3A%2F%2Fwww.cernahora.eu%2Fvismo%2Fgalerie2.asp%3Fid_galerie%3D1024%26n%3Dvyroba-vanocnich-ozdob-z-koralku-12-12-2012%26p1%3D2189&amp;text=V%C3%BDroba+v%C3%A1no%C...</msg>
<var>${current_url}</var>
<doc>Returns the current browser window URL.</doc>
<status status="PASS" start="2024-05-07T13:22:36.057403" elapsed="0.017362"/>
</kw>
<kw name="Should Contain" owner="BuiltIn">
<arg>${current_url}</arg>
<arg>twitter.com</arg>
<doc>Fails if ``container`` does not contain ``item`` one or more times.</doc>
<status status="PASS" start="2024-05-07T13:22:36.074765" elapsed="0.000000"/>
</kw>
<status status="PASS" start="2024-05-07T13:22:27.009842" elapsed="9.064923"/>
</test>
<kw name="Close Browser" owner="SeleniumLibrary" type="TEARDOWN">
<doc>Closes the current browser.</doc>
<status status="PASS" start="2024-05-07T13:22:36.081821" elapsed="2.845313"/>
</kw>
<status status="PASS" start="2024-05-07T13:22:23.235105" elapsed="15.692029"/>
</suite>
<status status="PASS" start="2024-05-07T13:22:23.235105" elapsed="15.694961"/>
</suite>
<status status="PASS" start="2024-05-07T13:22:23.235105" elapsed="15.699623"/>
</suite>
<status status="PASS" start="2024-05-07T13:22:23.209879" elapsed="15.726493"/>
</suite>
<statistics>
<total>
<stat pass="1" fail="0" skip="0">All Tests</stat>
</total>
<tag>
</tag>
<suite>
<stat pass="1" fail="0" skip="0" id="s1" name="Proejtk">Proejtk</stat>
<stat pass="1" fail="0" skip="0" id="s1-s1" name="Testy">Proejtk.Testy</stat>
<stat pass="1" fail="0" skip="0" id="s1-s1-s1" name="TS003 - Fotogalerie">Proejtk.Testy.TS003 - Fotogalerie</stat>
<stat pass="1" fail="0" skip="0" id="s1-s1-s1-s1" name="TC003-003 - Sdílení fotoglerie z roku 2012 na X">Proejtk.Testy.TS003 - Fotogalerie.TC003-003 - Sdílení fotoglerie z roku 2012 na X</stat>
</suite>
</statistics>
<errors>
</errors>
</robot>
