<?xml version="1.0" encoding="UTF-8"?>
<robot generator="Robot 7.0 (Python 3.12.3 on win32)" generated="2024-05-07T22:08:33.143914" rpa="false" schemaversion="5">
<suite id="s1" name="Proejtk" source="C:\Users\petrp\ownCloud\Skola\4ap4ts\proejtk">
<suite id="s1-s1" name="Testy" source="C:\Users\petrp\ownCloud\Skola\4ap4ts\proejtk\testy">
<suite id="s1-s1-s1" name="TS005 - Prihlaseni" source="C:\Users\petrp\ownCloud\Skola\4ap4ts\proejtk\testy\TS005 - Prihlaseni">
<suite id="s1-s1-s1-s1" name="TC005-008 - Přihlášení a zrušení odběru novinek" source="C:\Users\petrp\ownCloud\Skola\4ap4ts\proejtk\testy\TS005 - Prihlaseni\TC005-008 - Přihlášení a zrušení odběru novinek.robot">
<kw name="Open Browser" owner="SeleniumLibrary" type="SETUP">
<msg time="2024-05-07T22:08:33.379213" level="INFO">Opening browser 'Chrome' to base url 'https://www.cernahora.eu/index.asp'.</msg>
<arg>${URL}</arg>
<arg>${BROWSER}</arg>
<doc>Opens a new browser instance to the optional ``url``.</doc>
<status status="PASS" start="2024-05-07T22:08:33.378214" elapsed="2.862554"/>
</kw>
<test id="s1-s1-s1-s1-t1" name="Test Login And Verify Username" line="11">
<kw name="Maximize Browser Window" owner="SeleniumLibrary">
<doc>Maximizes current browser window.</doc>
<status status="PASS" start="2024-05-07T22:08:36.241779" elapsed="0.050042"/>
</kw>
<kw name="Click Element" owner="SeleniumLibrary">
<msg time="2024-05-07T22:08:36.293823" level="INFO">Clicking element 'xpath=//ul[@class="inline"]/li/a[contains(@href, "AA/index.asp")]'.</msg>
<arg>xpath=${Login Link XPath}</arg>
<doc>Click the element identified by ``locator``.</doc>
<status status="PASS" start="2024-05-07T22:08:36.291821" elapsed="0.672207"/>
</kw>
<kw name="Wait Until Element Is Visible" owner="SeleniumLibrary">
<arg>xpath=//h2[@class="cvi" and text()="Přihlášení uživatele"]</arg>
<doc>Waits until the element ``locator`` is visible.</doc>
<status status="PASS" start="2024-05-07T22:08:36.964539" elapsed="0.025526"/>
</kw>
<kw name="Input Text" owner="SeleniumLibrary">
<msg time="2024-05-07T22:08:36.991062" level="INFO">Typing text 'petr@prikryl.cc' into text field 'id=login'.</msg>
<arg>id=login</arg>
<arg>${Username}</arg>
<doc>Types the given ``text`` into the text field identified by ``locator``.</doc>
<status status="PASS" start="2024-05-07T22:08:36.990065" elapsed="0.104724"/>
</kw>
<kw name="Input Password" owner="SeleniumLibrary">
<msg time="2024-05-07T22:08:37.095785" level="INFO">Typing password into text field 'id=password'.</msg>
<msg time="2024-05-07T22:08:37.132479" level="INFO">Temporally setting log level to: NONE</msg>
<arg>id=password</arg>
<arg>${Password}</arg>
<doc>Types the given password into the text field identified by ``locator``.</doc>
<status status="PASS" start="2024-05-07T22:08:37.094789" elapsed="0.154394"/>
</kw>
<kw name="Click Element" owner="SeleniumLibrary">
<msg time="2024-05-07T22:08:37.250184" level="INFO">Clicking element 'xpath=//input[@type="submit" and @value="Přihlásit"]'.</msg>
<arg>xpath=${Login Button XPath}</arg>
<doc>Click the element identified by ``locator``.</doc>
<status status="PASS" start="2024-05-07T22:08:37.249183" elapsed="0.535351"/>
</kw>
<kw name="Wait Until Page Contains Element" owner="SeleniumLibrary">
<arg>//a[@title="Klikněte pro změnu profilu uživatele."]</arg>
<doc>Waits until the element ``locator`` appears on the current page.</doc>
<status status="PASS" start="2024-05-07T22:08:37.785534" elapsed="0.017633"/>
</kw>
<kw name="Get Text" owner="SeleniumLibrary">
<msg time="2024-05-07T22:08:37.836204" level="INFO">${Displayed Username} = Petr petr@prikryl.cc (petr@prikryl.cc)</msg>
<var>${Displayed Username}</var>
<arg>xpath=//a[@title="Klikněte pro změnu profilu uživatele."]</arg>
<doc>Returns the text value of the element identified by ``locator``.</doc>
<status status="PASS" start="2024-05-07T22:08:37.804315" elapsed="0.031889"/>
</kw>
<kw name="Should Be Equal" owner="BuiltIn">
<arg>${Displayed Username}</arg>
<arg>${Expected Username}</arg>
<doc>Fails if the given objects are unequal.</doc>
<status status="PASS" start="2024-05-07T22:08:37.837201" elapsed="0.001001"/>
</kw>
<kw name="Click Element" owner="SeleniumLibrary">
<msg time="2024-05-07T22:08:37.839201" level="INFO">Clicking element 'xpath=//a[@href="http://www.cernahora.eu/abo" and @title="Odběr novinek"]'.</msg>
<arg>xpath=//a[@href="http://www.cernahora.eu/abo" and @title="Odběr novinek"]</arg>
<doc>Click the element identified by ``locator``.</doc>
<status status="PASS" start="2024-05-07T22:08:37.839201" elapsed="0.516852"/>
</kw>
<kw name="Wait Until Page Contains" owner="SeleniumLibrary">
<arg>Odběr novinek - Městys Černá Hora</arg>
<doc>Waits until ``text`` appears on the current page.</doc>
<status status="PASS" start="2024-05-07T22:08:38.356053" elapsed="0.019153"/>
</kw>
<kw name="Wait Until Element Is Visible" owner="SeleniumLibrary">
<arg>xpath=//li[contains(@class, "odbery-item")]//input[contains(@ng-model, "o.isAssigned")]</arg>
<doc>Waits until the element ``locator`` is visible.</doc>
<status status="PASS" start="2024-05-07T22:08:38.376207" elapsed="0.459907"/>
</kw>
<kw name="Sleep" owner="BuiltIn">
<msg time="2024-05-07T22:08:43.837402" level="INFO">Slept 5 seconds.</msg>
<arg>5s</arg>
<doc>Pauses the test executed for the given time.</doc>
<status status="PASS" start="2024-05-07T22:08:38.837152" elapsed="5.000250"/>
</kw>
<kw name="Click Element" owner="SeleniumLibrary">
<msg time="2024-05-07T22:08:43.838887" level="INFO">Clicking element 'xpath=//li[contains(@class, "odbery-item")]//input[contains(@ng-model, "o.isAssigned")]'.</msg>
<arg>xpath=//li[contains(@class, "odbery-item")]//input[contains(@ng-model, "o.isAssigned")]</arg>
<doc>Click the element identified by ``locator``.</doc>
<status status="PASS" start="2024-05-07T22:08:43.838887" elapsed="0.052201"/>
</kw>
<kw name="Wait Until Page Contains" owner="SeleniumLibrary">
<arg>Odběr Vám byl odebrán.</arg>
<doc>Waits until ``text`` appears on the current page.</doc>
<status status="PASS" start="2024-05-07T22:08:43.892208" elapsed="0.220631"/>
</kw>
<status status="PASS" start="2024-05-07T22:08:36.240768" elapsed="7.873074"/>
</test>
<kw name="Close Browser" owner="SeleniumLibrary" type="TEARDOWN">
<doc>Closes the current browser.</doc>
<status status="PASS" start="2024-05-07T22:08:44.115254" elapsed="2.383706"/>
</kw>
<status status="PASS" start="2024-05-07T22:08:33.172292" elapsed="13.327860"/>
</suite>
<status status="PASS" start="2024-05-07T22:08:33.170130" elapsed="13.330528"/>
</suite>
<status status="PASS" start="2024-05-07T22:08:33.168654" elapsed="13.333931"/>
</suite>
<status status="PASS" start="2024-05-07T22:08:33.149914" elapsed="13.354680"/>
</suite>
<statistics>
<total>
<stat pass="1" fail="0" skip="0">All Tests</stat>
</total>
<tag>
</tag>
<suite>
<stat pass="1" fail="0" skip="0" id="s1" name="Proejtk">Proejtk</stat>
<stat pass="1" fail="0" skip="0" id="s1-s1" name="Testy">Proejtk.Testy</stat>
<stat pass="1" fail="0" skip="0" id="s1-s1-s1" name="TS005 - Prihlaseni">Proejtk.Testy.TS005 - Prihlaseni</stat>
<stat pass="1" fail="0" skip="0" id="s1-s1-s1-s1" name="TC005-008 - Přihlášení a zrušení odběru novinek">Proejtk.Testy.TS005 - Prihlaseni.TC005-008 - Přihlášení a zrušení odběru novinek</stat>
</suite>
</statistics>
<errors>
</errors>
</robot>
